#
# A fatal error has been detected by the Java Runtime Environment:
#
#  EXCEPTION_ACCESS_VIOLATION (0xc0000005) at pc=0x000000005f97ea00, pid=5368, tid=200
#
# JRE version: Java(TM) SE Runtime Environment (8.0_74-b02) (build 1.8.0_74-b02)
# Java VM: Java HotSpot(TM) 64-Bit Server VM (25.74-b02 mixed mode windows-amd64 compressed oops)
# Problematic frame:
# V  [jvm.dll+0xaea00]
#
# Failed to write core dump. Minidumps are not enabled by default on client versions of Windows
#
# If you would like to submit a bug report, please visit:
#   http://bugreport.java.com/bugreport/crash.jsp
#

---------------  T H R E A D  ---------------

Current thread (0x0000000002446800):  GCTaskThread [stack: 0x0000000012120000,0x0000000012220000] [id=200]

siginfo: ExceptionCode=0xc0000005, reading address 0x0000000000000008

Registers:
RAX=0x0000000000000002, RBX=0x00000000eaff9a98, RCX=0x00000000eaff9a98, RDX=0x0000000000000000
RSP=0x000000001221f4f8, RBP=0x0000000000000000, RSI=0x0000000054d4a480, RDI=0x000005fb000004c5
R8 =0x0000000054d4a480, R9 =0x000000000000000d, R10=0x0000000000000008, R11=0x00000000eceee388
R12=0x000000005ff1c0a8, R13=0x0000000300000002, R14=0x0000000000000000, R15=0x0000000002446ab0
RIP=0x000000005f97ea00, EFLAGS=0x0000000000010246

Top of Stack: (sp=0x000000001221f4f8)
0x000000001221f4f8:   000000005fccb3e2 00000000eaffbdf8
0x000000001221f508:   0000000000000003 0000000054d4a480
0x000000001221f518:   00000000027e2918 00000000ecee6398
0x000000001221f528:   000000005fccbb2b 0000000000000000
0x000000001221f538:   000000001221f660 0000000000000000
0x000000001221f548:   0000000002442101 000000005ff1c0a8
0x000000001221f558:   000000005fccb750 00000000ecdea354
0x000000001221f568:   0000000000000000 0000000054d4a480
0x000000001221f578:   000005fb000004c5 00000000ecdea354
0x000000001221f588:   000000005fccc125 00000000eac94b58
0x000000001221f598:   0000000000000000 0000000054d4a480
0x000000001221f5a8:   000000005f9e1b93 000005fb000004c5
0x000000001221f5b8:   00000000ecdea47d 0000000054d4a480
0x000000001221f5c8:   000005fb000004c5 000004af00000527
0x000000001221f5d8:   000005fa000004c5 000000000039dd40
0x000000001221f5e8:   000005d1000004a4 000004af00000527 

Instructions: (pc=0x000000005f97ea00)
0x000000005f97e9e0:   7c a5 1d 00 48 8b 9c 24 d0 00 00 00 48 81 c4 c0
0x000000005f97e9f0:   00 00 00 5d c3 cc cc cc cc cc cc cc cc cc cc cc
0x000000005f97ea00:   44 8b 42 08 4c 8b ca 45 85 c0 7e 0e 41 f6 c0 01
0x000000005f97ea10:   75 57 41 c1 f8 03 41 8b c0 c3 79 4d 80 3d 9e 28 


Register to memory mapping:

RAX=0x0000000000000002 is an unknown value
RBX=0x00000000eaff9a98 is an oop

[error occurred during error reporting (printing register info), id 0xc0000005]

Stack: [0x0000000012120000,0x0000000012220000],  sp=0x000000001221f4f8,  free space=1021k
Native frames: (J=compiled Java code, j=interpreted, Vv=VM code, C=native code)


---------------  P R O C E S S  ---------------

Java Threads: ( => current thread )
  0x0000000056835000 JavaThread "Service Thread" daemon [_thread_blocked, id=744, stack(0x0000000056d00000,0x0000000056e00000)]
  0x0000000054dfc800 JavaThread "C1 CompilerThread1" daemon [_thread_blocked, id=2596, stack(0x00000000564c0000,0x00000000565c0000)]
  0x0000000054df9800 JavaThread "C2 CompilerThread0" daemon [_thread_blocked, id=5080, stack(0x00000000566d0000,0x00000000567d0000)]
  0x0000000054dec800 JavaThread "JDWP Command Reader" daemon [_thread_in_native, id=4972, stack(0x00000000565d0000,0x00000000566d0000)]
  0x0000000054de9000 JavaThread "JDWP Event Helper Thread" daemon [_thread_blocked, id=2052, stack(0x0000000055f10000,0x0000000056010000)]
  0x0000000054de2800 JavaThread "JDWP Transport Listener: dt_socket" daemon [_thread_blocked, id=5176, stack(0x0000000056230000,0x0000000056330000)]
  0x0000000054dc8800 JavaThread "Attach Listener" daemon [_thread_blocked, id=5164, stack(0x0000000055dd0000,0x0000000055ed0000)]
  0x0000000054db3000 JavaThread "Signal Dispatcher" daemon [_thread_blocked, id=5548, stack(0x0000000055cc0000,0x0000000055dc0000)]
  0x0000000054d9e800 JavaThread "Finalizer" daemon [_thread_blocked, id=7156, stack(0x0000000055af0000,0x0000000055bf0000)]
  0x0000000054d57000 JavaThread "Reference Handler" daemon [_thread_blocked, id=6808, stack(0x0000000055980000,0x0000000055a80000)]
  0x000000000039e800 JavaThread "main" [_thread_blocked, id=4068, stack(0x00000000025e0000,0x00000000026e0000)]

Other Threads:
  0x0000000054d4d800 VMThread [stack: 0x0000000055780000,0x0000000055880000] [id=6624]
  0x000000005683a800 WatcherThread [stack: 0x0000000056f80000,0x0000000057080000] [id=4312]

=>0x0000000002446800 (exited) GCTaskThread [stack: 0x0000000012120000,0x0000000012220000] [id=200]

VM state:at safepoint (normal execution)

VM Mutex/Monitor currently owned by a thread:  ([mutex/lock_event])
[0x000000000039cb40] Threads_lock - owner thread: 0x0000000054d4d800
[0x000000000039d040] Heap_lock - owner thread: 0x000000000039e800

Heap:
 PSYoungGen      total 18944K, used 18925K [0x00000000eab00000, 0x00000000ed000000, 0x0000000100000000)
  eden space 16384K, 100% used [0x00000000eab00000,0x00000000ebb00000,0x00000000ebb00000)
  from space 2560K, 99% used [0x00000000ebb00000,0x00000000ebd7b7d0,0x00000000ebd80000)
  to   space 2560K, 99% used [0x00000000ecd80000,0x00000000ecffe398,0x00000000ed000000)
 ParOldGen       total 44032K, used 704K [0x00000000c0000000, 0x00000000c2b00000, 0x00000000eab00000)
  object space 44032K, 1% used [0x00000000c0000000,0x00000000c00b0000,0x00000000c2b00000)
 Metaspace       used 2863K, capacity 4564K, committed 4864K, reserved 1056768K
  class space    used 304K, capacity 388K, committed 512K, reserved 1048576K

Card table byte_map: [0x0000000011aa0000,0x0000000011cb0000] byte_map_base: 0x00000000114a0000

Marking Bits: (ParMarkBitMap*) 0x00000000600e0600
 Begin Bits: [0x0000000012220000, 0x0000000013220000)
 End Bits:   [0x0000000013220000, 0x0000000014220000)

Polling page: 0x0000000000370000

CodeCache: size=245760Kb used=1599Kb max_used=1612Kb free=244160Kb
 bounds [0x00000000026e0000, 0x0000000002950000, 0x00000000116e0000]
 total_blobs=400 nmethods=166 adapters=158
 compilation: enabled

Compilation events (10 events):
Event: 0.625 Thread 0x0000000054dfc800  164       3       sun.nio.cs.UTF_8$Decoder::xflow (31 bytes)
Event: 0.625 Thread 0x0000000054dfc800 nmethod 164 0x0000000002864a10 code [0x0000000002864bc0, 0x0000000002865178]
Event: 0.625 Thread 0x0000000054dfc800  165       3       sun.nio.cs.UTF_8::access$200 (8 bytes)
Event: 0.625 Thread 0x0000000054dfc800 nmethod 165 0x00000000028641d0 code [0x0000000002864360, 0x00000000028647f8]
Event: 0.625 Thread 0x0000000054dfc800  166       3       sun.nio.cs.UTF_8::updatePositions (23 bytes)
Event: 0.625 Thread 0x0000000054dfc800 nmethod 166 0x000000000286fa90 code [0x000000000286fc20, 0x0000000002870058]
Event: 0.625 Thread 0x0000000054dfc800  167       3       java.nio.CharBuffer::array (35 bytes)
Event: 0.626 Thread 0x0000000054dfc800 nmethod 167 0x000000000286f4d0 code [0x000000000286f660, 0x000000000286f958]
Event: 0.631 Thread 0x0000000054df9800  168       4       sun.misc.FDBigInteger::leftInplaceSub (335 bytes)
Event: 0.639 Thread 0x0000000054df9800 nmethod 168 0x000000000286e650 code [0x000000000286e7c0, 0x000000000286eef8]

GC Heap History (7 events):
Event: 0.399 GC heap before
{Heap before GC invocations=1 (full 0):
 PSYoungGen      total 18944K, used 16384K [0x00000000eab00000, 0x00000000ec000000, 0x0000000100000000)
  eden space 16384K, 100% used [0x00000000eab00000,0x00000000ebb00000,0x00000000ebb00000)
  from space 2560K, 0% used [0x00000000ebd80000,0x00000000ebd80000,0x00000000ec000000)
  to   space 2560K, 0% used [0x00000000ebb00000,0x00000000ebb00000,0x00000000ebd80000)
 ParOldGen       total 44032K, used 0K [0x00000000c0000000, 0x00000000c2b00000, 0x00000000eab00000)
  object space 44032K, 0% used [0x00000000c0000000,0x00000000c0000000,0x00000000c2b00000)
 Metaspace       used 2837K, capacity 4564K, committed 4864K, reserved 1056768K
  class space    used 304K, capacity 388K, committed 512K, reserved 1048576K
Event: 0.403 GC heap after
Heap after GC invocations=1 (full 0):
 PSYoungGen      total 18944K, used 1331K [0x00000000eab00000, 0x00000000ec000000, 0x0000000100000000)
  eden space 16384K, 0% used [0x00000000eab00000,0x00000000eab00000,0x00000000ebb00000)
  from space 2560K, 52% used [0x00000000ebb00000,0x00000000ebc4ce48,0x00000000ebd80000)
  to   space 2560K, 0% used [0x00000000ebd80000,0x00000000ebd80000,0x00000000ec000000)
 ParOldGen       total 44032K, used 8K [0x00000000c0000000, 0x00000000c2b00000, 0x00000000eab00000)
  object space 44032K, 0% used [0x00000000c0000000,0x00000000c0002000,0x00000000c2b00000)
 Metaspace       used 2837K, capacity 4564K, committed 4864K, reserved 1056768K
  class space    used 304K, capacity 388K, committed 512K, reserved 1048576K
}
Event: 0.481 GC heap before
{Heap before GC invocations=2 (full 0):
 PSYoungGen      total 18944K, used 17715K [0x00000000eab00000, 0x00000000ec000000, 0x0000000100000000)
  eden space 16384K, 100% used [0x00000000eab00000,0x00000000ebb00000,0x00000000ebb00000)
  from space 2560K, 52% used [0x00000000ebb00000,0x00000000ebc4ce48,0x00000000ebd80000)
  to   space 2560K, 0% used [0x00000000ebd80000,0x00000000ebd80000,0x00000000ec000000)
 ParOldGen       total 44032K, used 8K [0x00000000c0000000, 0x00000000c2b00000, 0x00000000eab00000)
  object space 44032K, 0% used [0x00000000c0000000,0x00000000c0002000,0x00000000c2b00000)
 Metaspace       used 2838K, capacity 4564K, committed 4864K, reserved 1056768K
  class space    used 304K, capacity 388K, committed 512K, reserved 1048576K
Event: 0.487 GC heap after
Heap after GC invocations=2 (full 0):
 PSYoungGen      total 18944K, used 1905K [0x00000000eab00000, 0x00000000ed000000, 0x0000000100000000)
  eden space 16384K, 0% used [0x00000000eab00000,0x00000000eab00000,0x00000000ebb00000)
  from space 2560K, 74% used [0x00000000ebd80000,0x00000000ebf5c530,0x00000000ec000000)
  to   space 2560K, 0% used [0x00000000ebb00000,0x00000000ebb00000,0x00000000ebd80000)
 ParOldGen       total 44032K, used 16K [0x00000000c0000000, 0x00000000c2b00000, 0x00000000eab00000)
  object space 44032K, 0% used [0x00000000c0000000,0x00000000c0004000,0x00000000c2b00000)
 Metaspace       used 2838K, capacity 4564K, committed 4864K, reserved 1056768K
  class space    used 304K, capacity 388K, committed 512K, reserved 1048576K
}
Event: 0.615 GC heap before
{Heap before GC invocations=3 (full 0):
 PSYoungGen      total 18944K, used 18289K [0x00000000eab00000, 0x00000000ed000000, 0x0000000100000000)
  eden space 16384K, 100% used [0x00000000eab00000,0x00000000ebb00000,0x00000000ebb00000)
  from space 2560K, 74% used [0x00000000ebd80000,0x00000000ebf5c530,0x00000000ec000000)
  to   space 2560K, 0% used [0x00000000ebb00000,0x00000000ebb00000,0x00000000ebd80000)
 ParOldGen       total 44032K, used 16K [0x00000000c0000000, 0x00000000c2b00000, 0x00000000eab00000)
  object space 44032K, 0% used [0x00000000c0000000,0x00000000c0004000,0x00000000c2b00000)
 Metaspace       used 2863K, capacity 4564K, committed 4864K, reserved 1056768K
  class space    used 304K, capacity 388K, committed 512K, reserved 1048576K
Event: 0.621 GC heap after
Heap after GC invocations=3 (full 0):
 PSYoungGen      total 18944K, used 2541K [0x00000000eab00000, 0x00000000ed000000, 0x0000000100000000)
  eden space 16384K, 0% used [0x00000000eab00000,0x00000000eab00000,0x00000000ebb00000)
  from space 2560K, 99% used [0x00000000ebb00000,0x00000000ebd7b7d0,0x00000000ebd80000)
  to   space 2560K, 0% used [0x00000000ecd80000,0x00000000ecd80000,0x00000000ed000000)
 ParOldGen       total 44032K, used 24K [0x00000000c0000000, 0x00000000c2b00000, 0x00000000eab00000)
  object space 44032K, 0% used [0x00000000c0000000,0x00000000c0006000,0x00000000c2b00000)
 Metaspace       used 2863K, capacity 4564K, committed 4864K, reserved 1056768K
  class space    used 304K, capacity 388K, committed 512K, reserved 1048576K
}
Event: 0.661 GC heap before
{Heap before GC invocations=4 (full 0):
 PSYoungGen      total 18944K, used 18925K [0x00000000eab00000, 0x00000000ed000000, 0x0000000100000000)
  eden space 16384K, 100% used [0x00000000eab00000,0x00000000ebb00000,0x00000000ebb00000)
  from space 2560K, 99% used [0x00000000ebb00000,0x00000000ebd7b7d0,0x00000000ebd80000)
  to   space 2560K, 0% used [0x00000000ecd80000,0x00000000ecd80000,0x00000000ed000000)
 ParOldGen       total 44032K, used 24K [0x00000000c0000000, 0x00000000c2b00000, 0x00000000eab00000)
  object space 44032K, 0% used [0x00000000c0000000,0x00000000c0006000,0x00000000c2b00000)
 Metaspace       used 2863K, capacity 4564K, committed 4864K, reserved 1056768K
  class space    used 304K, capacity 388K, committed 512K, reserved 1048576K

Deoptimization events (5 events):
Event: 0.372 Thread 0x000000000039e800 Uncommon trap: reason=unstable_if action=reinterpret pc=0x00000000028512c0 method=sun.misc.FDBigInteger.cmp(Lsun/misc/FDBigInteger;)I @ 48
Event: 0.388 Thread 0x000000000039e800 Uncommon trap: reason=array_check action=maybe_recompile pc=0x000000000282faf4 method=java.util.AbstractCollection.toArray([Ljava/lang/Object;)[Ljava/lang/Object; @ 119
Event: 0.388 Thread 0x000000000039e800 Uncommon trap: reason=array_check action=maybe_recompile pc=0x000000000282faf4 method=java.util.AbstractCollection.toArray([Ljava/lang/Object;)[Ljava/lang/Object; @ 119
Event: 0.388 Thread 0x000000000039e800 Uncommon trap: reason=array_check action=maybe_recompile pc=0x000000000282faf4 method=java.util.AbstractCollection.toArray([Ljava/lang/Object;)[Ljava/lang/Object; @ 119
Event: 0.388 Thread 0x000000000039e800 Uncommon trap: reason=array_check action=maybe_recompile pc=0x000000000282faf4 method=java.util.AbstractCollection.toArray([Ljava/lang/Object;)[Ljava/lang/Object; @ 119

Internal exceptions (2 events):
Event: 0.045 Thread 0x000000000039e800 Exception <a 'java/lang/NoSuchMethodError': Method sun.misc.Unsafe.defineClass(Ljava/lang/String;[BII)Ljava/lang/Class; name or signature does not match> (0x00000000eab07cc0) thrown at [C:\re\workspace\8-2-build-windows-amd64-cygwin\jdk8u74\6087\hotspot\srµïYÅ§?
Event: 0.045 Thread 0x000000000039e800 Exception <a 'java/lang/NoSuchMethodError': Method sun.misc.Unsafe.prefetchRead(Ljava/lang/Object;J)V name or signature does not match> (0x00000000eab07fa8) thrown at [C:\re\workspace\8-2-build-windows-amd64-cygwin\jdk8u74\6087\hotspot\src\share\vm\prims\j

Events (10 events):
Event: 0.478 Thread 0x000000000039e800 DEOPT UNPACKING pc=0x00000000027271bf sp=0x00000000026de888 mode 0
Event: 0.479 Thread 0x000000000039e800 DEOPT PACKING pc=0x0000000002845cae sp=0x00000000026dea20
Event: 0.479 Thread 0x000000000039e800 DEOPT UNPACKING pc=0x00000000027271bf sp=0x00000000026de888 mode 0
Event: 0.480 Thread 0x000000000039e800 DEOPT PACKING pc=0x0000000002845cae sp=0x00000000026dea20
Event: 0.480 Thread 0x000000000039e800 DEOPT UNPACKING pc=0x00000000027271bf sp=0x00000000026de888 mode 0
Event: 0.481 Executing VM operation: ParallelGCFailedAllocation
Event: 0.487 Executing VM operation: ParallelGCFailedAllocation done
Event: 0.615 Executing VM operation: ParallelGCFailedAllocation
Event: 0.621 Executing VM operation: ParallelGCFailedAllocation done
Event: 0.661 Executing VM operation: ParallelGCFailedAllocation


Dynamic libraries:
0x000000013fda0000 - 0x000000013fdd7000 	C:\Program Files\Java\jre1.8.0_74\bin\javaw.exe
0x0000000077be0000 - 0x0000000077d8a000 	C:\Windows\SYSTEM32\ntdll.dll
0x0000000077ac0000 - 0x0000000077bdf000 	C:\Windows\system32\kernel32.dll
0x000007fefd980000 - 0x000007fefd9eb000 	C:\Windows\system32\KERNELBASE.dll
0x000007fefde10000 - 0x000007fefdeeb000 	C:\Windows\system32\ADVAPI32.dll
0x000007fefdd70000 - 0x000007fefde0f000 	C:\Windows\system32\msvcrt.dll
0x000007fefdd40000 - 0x000007fefdd5f000 	C:\Windows\SYSTEM32\sechost.dll
0x000007fefe350000 - 0x000007fefe47d000 	C:\Windows\system32\RPCRT4.dll
0x00000000779c0000 - 0x0000000077aba000 	C:\Windows\system32\USER32.dll
0x000007feffa40000 - 0x000007feffaa7000 	C:\Windows\system32\GDI32.dll
0x000007fefdd60000 - 0x000007fefdd6e000 	C:\Windows\system32\LPK.dll
0x000007feffda0000 - 0x000007feffe6a000 	C:\Windows\system32\USP10.dll
0x000007fefc020000 - 0x000007fefc214000 	C:\Windows\WinSxS\amd64_microsoft.windows.common-controls_6595b64144ccf1df_6.0.7601.18837_none_fa3b1e3d17594757\COMCTL32.dll
0x000007feffb40000 - 0x000007feffbb1000 	C:\Windows\system32\SHLWAPI.dll
0x000007feffb10000 - 0x000007feffb3e000 	C:\Windows\system32\IMM32.DLL
0x000007fefe8d0000 - 0x000007fefe9d9000 	C:\Windows\system32\MSCTF.dll
0x0000000064130000 - 0x0000000064202000 	C:\Program Files\Java\jre1.8.0_74\bin\msvcr100.dll
0x000000005f8d0000 - 0x0000000060160000 	C:\Program Files\Java\jre1.8.0_74\bin\server\jvm.dll
0x000007feed900000 - 0x000007feed909000 	C:\Windows\system32\WSOCK32.dll
0x000007fefe070000 - 0x000007fefe0bd000 	C:\Windows\system32\WS2_32.dll
0x000007fefe520000 - 0x000007fefe528000 	C:\Windows\system32\NSI.dll
0x000007fef9ac0000 - 0x000007fef9afb000 	C:\Windows\system32\WINMM.dll
0x000007fefc8f0000 - 0x000007fefc8fc000 	C:\Windows\system32\VERSION.dll
0x0000000077da0000 - 0x0000000077da7000 	C:\Windows\system32\PSAPI.DLL
0x0000000073c80000 - 0x0000000073c8f000 	C:\Program Files\Java\jre1.8.0_74\bin\verify.dll
0x000000006d0f0000 - 0x000000006d119000 	C:\Program Files\Java\jre1.8.0_74\bin\java.dll
0x00000000615f0000 - 0x0000000061625000 	C:\Program Files\Java\jre1.8.0_74\bin\jdwp.dll
0x0000000061fa0000 - 0x0000000061fa8000 	C:\Program Files\Java\jre1.8.0_74\bin\npt.dll
0x000000006d130000 - 0x000000006d146000 	C:\Program Files\Java\jre1.8.0_74\bin\zip.dll
0x000007fefecb0000 - 0x000007feffa39000 	C:\Windows\system32\SHELL32.dll
0x000007fefe6c0000 - 0x000007fefe8c3000 	C:\Windows\system32\ole32.dll
0x000007fefd970000 - 0x000007fefd97f000 	C:\Windows\system32\profapi.dll
0x0000000063db0000 - 0x0000000063db9000 	C:\Program Files\Java\jre1.8.0_74\bin\dt_socket.dll
0x000007fefb130000 - 0x000007fefb145000 	C:\Windows\system32\NLAapi.dll
0x000007feed940000 - 0x000007feed955000 	C:\Windows\system32\napinsp.dll
0x000007feed920000 - 0x000007feed939000 	C:\Windows\system32\pnrpnsp.dll
0x000007fefd140000 - 0x000007fefd195000 	C:\Windows\System32\mswsock.dll
0x000007fefcfc0000 - 0x000007fefd01b000 	C:\Windows\system32\DNSAPI.dll
0x000007feed910000 - 0x000007feed91b000 	C:\Windows\System32\winrnr.dll
0x000007fefaf10000 - 0x000007fefaf37000 	C:\Windows\system32\IPHLPAPI.DLL
0x000007fefaf00000 - 0x000007fefaf0b000 	C:\Windows\system32\WINNSI.DLL
0x000007fefad40000 - 0x000007fefad93000 	C:\Windows\System32\fwpuclnt.dll
0x000007fefa2a0000 - 0x000007fefa2a8000 	C:\Windows\system32\rasadhlp.dll
0x000007fefc9c0000 - 0x000007fefc9c7000 	C:\Windows\System32\wshtcpip.dll
0x000007feea3d0000 - 0x000007feea4f5000 	C:\Windows\system32\dbghelp.dll

VM Arguments:
jvm_args: -agentlib:jdwp=transport=dt_socket,suspend=y,address=localhost:61856 -Dfile.encoding=UTF-8 
java_command: test.GatherAll_wuhan
java_class_path (initial): D:\test\bin;C:\Users\Jasper\Desktop\json.jar;C:\Users\Jasper\Desktop\commons-beanutils-1.8.3.jar;C:\Users\Jasper\Desktop\commons-collections-3.2.1.jar;C:\Users\Jasper\Desktop\commons-lang-2.1.jar;C:\Users\Jasper\Desktop\commons-logging-1.1.jar;C:\Users\Jasper\Desktop\ezmorph-1.0.6.jar;C:\Users\Jasper\Desktop\json-lib-2.2.3-jdk15.jar
Launcher Type: SUN_STANDARD

Environment Variables:
JAVA_HOME=C:\Program Files\Java\jdk1.6.0_43
CLASSPATH=.;C:\Program Files\Java\jdk1.6.0_43\lib;C:\Program Files\Java\jdk1.6.0_43\lib\tools.jar
PATH=C:\ProgramData\Oracle\Java\javapath;C:\Windows\system32;C:\Windows;C:\Windows\System32\Wbem;C:\Windows\System32\WindowsPowerShell\v1.0\;C:\CTEX\UserData\miktex\bin;C:\CTEX\MiKTeX\miktex\bin;C:\CTEX\CTeX\ctex\bin;C:\CTEX\CTeX\cct\bin;C:\CTEX\CTeX\ty\bin;C:\CTEX\Ghostscript\gs9.05\bin;C:\CTEX\GSview\gsview;C:\CTEX\WinEdt;C:\Program Files\Java\jdk1.6.0_43\bin;C:\Program Files\Java\jdk1.6.0_43\jre\bin 
USERNAME=Jasper
OS=Windows_NT
PROCESSOR_IDENTIFIER=Intel64 Family 6 Model 23 Stepping 6, GenuineIntel



---------------  S Y S T E M  ---------------

OS: Windows 7 , 64 bit Build 7601 (6.1.7601.19160)

CPU:total 2 (2 cores per cpu, 1 threads per core) family 6 model 23 stepping 6, cmov, cx8, fxsr, mmx, sse, sse2, sse3, ssse3, sse4.1, tsc

Memory: 4k page, physical 4192760k(1975708k free), swap 8383684k(4681988k free)

vm_info: Java HotSpot(TM) 64-Bit Server VM (25.74-b02) for windows-amd64 JRE (1.8.0_74-b02), built on Jan 29 2016 17:42:36 by "java_re" with MS VC++ 10.0 (VS2010)

time: Wed Mar 16 11:01:49 2016
elapsed time: 0 seconds (0d 0h 0m 0s)

