#
# A fatal error has been detected by the Java Runtime Environment:
#
#  EXCEPTION_ACCESS_VIOLATION (0xc0000005) at pc=0x000000005a8ab2c1, pid=5780, tid=4192
#
# JRE version: Java(TM) SE Runtime Environment (8.0_74-b02) (build 1.8.0_74-b02)
# Java VM: Java HotSpot(TM) 64-Bit Server VM (25.74-b02 mixed mode windows-amd64 compressed oops)
# Problematic frame:
# V  [jvm.dll+0x3fb2c1]
#
# Failed to write core dump. Minidumps are not enabled by default on client versions of Windows
#
# If you would like to submit a bug report, please visit:
#   http://bugreport.java.com/bugreport/crash.jsp
#

---------------  T H R E A D  ---------------

Current thread (0x0000000002476000):  GCTaskThread [stack: 0x0000000012140000,0x0000000012240000] [id=4192]

siginfo: ExceptionCode=0xc0000005, reading address 0xffffffffffffffff

Registers:
RAX=0x4a08280000000000, RBX=0x00000000ece9dc48, RCX=0x00000000ecd62783, RDX=0x0000000054d6a280
RSP=0x000000001223f880, RBP=0x0000000006000002, RSI=0x0000000054d6a280, RDI=0x00000408000002a1
R8 =0x00000000ece9dc48, R9 =0x00000000ecd62783, R10=0x0000000000000000, R11=0x000000005aadc698
R12=0x000000005aac8d00, R13=0x00000408000002a1, R14=0x0000000000000001, R15=0x00000000024768e0
RIP=0x000000005a8ab2c1, EFLAGS=0x0000000000010207

Top of Stack: (sp=0x000000001223f880)
0x000000001223f880:   0000000006000002 0000000006000002
0x000000001223f890:   0000000054d6a280 00000408000002a1
0x000000001223f8a0:   0000000000000000 000000005a8ab5fd
0x000000001223f8b0:   00000000ece9dc48 0000000054d6a280
0x000000001223f8c0:   0000000054d6a280 0000000002472300
0x000000001223f8d0:   00000000ecd60368 000000005a8abb2b
0x000000001223f8e0:   000000000275f348 000000000275f34c
0x000000001223f8f0:   0000000000000000 0000000002472300
0x000000001223f900:   000000005aac8d00 000000005a8ab750
0x000000001223f910:   00000000ecb18354 0000000000000000
0x000000001223f920:   0000000054d6a280 0000000054d6a280
0x000000001223f930:   00000000ecb18354 000000005a8ac2f5
0x000000001223f940:   00000000ebc85e30 0000000000000000
0x000000001223f950:   0000000054d6a280 000000005a8ae0d6
0x000000001223f960:   0000000054df2e08 03030000fffffcff
0x000000001223f970:   0303030303030303 0000030303030303 

Instructions: (pc=0x000000005a8ab2c1)
0x000000005a8ab2a1:   e3 b4 39 00 eb 04 4c 8b 4b 08 41 81 79 08 00 00
0x000000005a8ab2b1:   00 c0 73 12 49 8b 01 4c 8b c3 48 8b d6 49 8b c9
0x000000005a8ab2c1:   ff 90 20 01 00 00 48 8b d7 48 8b cb e8 7e 1a 00
0x000000005a8ab2d1:   00 48 8b c3 48 8b 5c 24 30 48 8b 74 24 38 48 83 


Register to memory mapping:

RAX=0x4a08280000000000 is an unknown value
RBX=0x00000000ece9dc48 is an unknown value
RCX=0x00000000ecd62783 is an unknown value
RDX=0x0000000054d6a280 is an unknown value
RSP=0x000000001223f880 is an unknown value
RBP=0x0000000006000002 is an unknown value
RSI=0x0000000054d6a280 is an unknown value
RDI=0x00000408000002a1 is an unknown value
R8 =0x00000000ece9dc48 is an unknown value
R9 =0x00000000ecd62783 is an unknown value
R10=0x0000000000000000 is an unknown value
R11=0x000000005aadc698 is an unknown value
R12=0x000000005aac8d00 is an unknown value
R13=0x00000408000002a1 is an unknown value
R14=0x0000000000000001 is an unknown value
R15=0x00000000024768e0 is an unknown value


Stack: [0x0000000012140000,0x0000000012240000],  sp=0x000000001223f880,  free space=1022k
Native frames: (J=compiled Java code, j=interpreted, Vv=VM code, C=native code)
V  [jvm.dll+0x3fb2c1]
V  [jvm.dll+0x3fb5fd]
V  [jvm.dll+0x3fb750]
V  [jvm.dll+0x3fc2f5]
V  [jvm.dll+0x3fe5c4]
V  [jvm.dll+0x3ed37e]
V  [jvm.dll+0x29a27a]
C  [msvcr100.dll+0x21d9f]
C  [msvcr100.dll+0x21e3b]
C  [kernel32.dll+0x159ed]
C  [ntdll.dll+0x2b371]


---------------  P R O C E S S  ---------------

Java Threads: ( => current thread )
  0x0000000056c2a000 JavaThread "Service Thread" daemon [_thread_blocked, id=6096, stack(0x00000000569a0000,0x0000000056aa0000)]
  0x0000000054e1c800 JavaThread "C1 CompilerThread1" daemon [_thread_blocked, id=5164, stack(0x0000000056ad0000,0x0000000056bd0000)]
  0x0000000054e19800 JavaThread "C2 CompilerThread0" daemon [_thread_blocked, id=6104, stack(0x0000000056870000,0x0000000056970000)]
  0x0000000054e0a800 JavaThread "JDWP Command Reader" daemon [_thread_in_native, id=3764, stack(0x00000000565b0000,0x00000000566b0000)]
  0x0000000054e07000 JavaThread "JDWP Event Helper Thread" daemon [_thread_blocked, id=3432, stack(0x0000000056770000,0x0000000056870000)]
  0x0000000054dfa800 JavaThread "JDWP Transport Listener: dt_socket" daemon [_thread_blocked, id=4056, stack(0x0000000056490000,0x0000000056590000)]
  0x0000000054de8000 JavaThread "Attach Listener" daemon [_thread_blocked, id=5928, stack(0x0000000055fa0000,0x00000000560a0000)]
  0x0000000054de7000 JavaThread "Signal Dispatcher" daemon [_thread_blocked, id=5488, stack(0x0000000055d80000,0x0000000055e80000)]
  0x0000000054dbe000 JavaThread "Finalizer" daemon [_thread_blocked, id=2536, stack(0x0000000055c20000,0x0000000055d20000)]
  0x0000000054d77000 JavaThread "Reference Handler" daemon [_thread_blocked, id=3340, stack(0x00000000559b0000,0x0000000055ab0000)]
  0x000000000018e000 JavaThread "main" [_thread_blocked, id=3748, stack(0x0000000002660000,0x0000000002760000)]

Other Threads:
  0x0000000054d6d000 VMThread [stack: 0x0000000055830000,0x0000000055930000] [id=4608]
  0x0000000056c48800 WatcherThread [stack: 0x0000000056ff0000,0x00000000570f0000] [id=5808]

=>0x0000000002476000 (exited) GCTaskThread [stack: 0x0000000012140000,0x0000000012240000] [id=4192]

VM state:at safepoint (normal execution)

VM Mutex/Monitor currently owned by a thread:  ([mutex/lock_event])
[0x000000000018c880] Threads_lock - owner thread: 0x0000000054d6d000
[0x000000000018cd80] Heap_lock - owner thread: 0x000000000018e000

Heap:
 PSYoungGen      total 35328K, used 34689K [0x00000000eab00000, 0x00000000ed000000, 0x0000000100000000)
  eden space 32768K, 100% used [0x00000000eab00000,0x00000000ecb00000,0x00000000ecb00000)
  from space 2560K, 75% used [0x00000000ecd80000,0x00000000ecf60540,0x00000000ed000000)
  to   space 2560K, 98% used [0x00000000ecb00000,0x00000000ecd78368,0x00000000ecd80000)
 ParOldGen       total 699392K, used 704K [0x00000000c0000000, 0x00000000eab00000, 0x00000000eab00000)
  object space 699392K, 0% used [0x00000000c0000000,0x00000000c00b0080,0x00000000eab00000)
 Metaspace       used 2837K, capacity 4564K, committed 4864K, reserved 1056768K
  class space    used 301K, capacity 388K, committed 512K, reserved 1048576K

Card table byte_map: [0x0000000011b20000,0x0000000011d30000] byte_map_base: 0x0000000011520000

Marking Bits: (ParMarkBitMap*) 0x000000005acc0600
 Begin Bits: [0x0000000012240000, 0x0000000013240000)
 End Bits:   [0x0000000013240000, 0x0000000014240000)

Polling page: 0x0000000000160000

CodeCache: size=245760Kb used=1550Kb max_used=1550Kb free=244209Kb
 bounds [0x0000000002760000, 0x00000000029d0000, 0x0000000011760000]
 total_blobs=368 nmethods=134 adapters=158
 compilation: enabled

Compilation events (10 events):
Event: 0.509 Thread 0x0000000054e1c800  150  s    2       java.lang.StringBuffer::append (15 bytes)
Event: 0.509 Thread 0x0000000054e1c800 nmethod 150 0x00000000028cc690 code [0x00000000028cc800, 0x00000000028ccb08]
Event: 0.509 Thread 0x0000000054e1c800  151       2       java.lang.AbstractStringBuilder::append (40 bytes)
Event: 0.509 Thread 0x0000000054e1c800 nmethod 151 0x00000000028dcc10 code [0x00000000028dcd80, 0x00000000028dd018]
Event: 0.575 Thread 0x0000000054e1c800  153       2       sun.nio.cs.UTF_8::access$200 (8 bytes)
Event: 0.575 Thread 0x0000000054e1c800 nmethod 153 0x00000000028dc710 code [0x00000000028dc8a0, 0x00000000028dca98]
Event: 0.575 Thread 0x0000000054e1c800  154       2       sun.nio.cs.UTF_8::updatePositions (23 bytes)
Event: 0.575 Thread 0x0000000054e1c800 nmethod 154 0x00000000028dc250 code [0x00000000028dc3e0, 0x00000000028dc5d8]
Event: 0.575 Thread 0x0000000054e1c800  152       2       sun.nio.cs.UTF_8$Decoder::xflow (31 bytes)
Event: 0.575 Thread 0x0000000054e1c800 nmethod 152 0x00000000028e3d90 code [0x00000000028e3f20, 0x00000000028e4178]

GC Heap History (5 events):
Event: 0.354 GC heap before
{Heap before GC invocations=1 (full 0):
 PSYoungGen      total 18944K, used 16384K [0x00000000eab00000, 0x00000000ec000000, 0x0000000100000000)
  eden space 16384K, 100% used [0x00000000eab00000,0x00000000ebb00000,0x00000000ebb00000)
  from space 2560K, 0% used [0x00000000ebd80000,0x00000000ebd80000,0x00000000ec000000)
  to   space 2560K, 0% used [0x00000000ebb00000,0x00000000ebb00000,0x00000000ebd80000)
 ParOldGen       total 44032K, used 0K [0x00000000c0000000, 0x00000000c2b00000, 0x00000000eab00000)
  object space 44032K, 0% used [0x00000000c0000000,0x00000000c0000000,0x00000000c2b00000)
 Metaspace       used 2812K, capacity 4564K, committed 4864K, reserved 1056768K
  class space    used 301K, capacity 388K, committed 512K, reserved 1048576K
Event: 0.362 GC heap after
Heap after GC invocations=1 (full 0):
 PSYoungGen      total 18944K, used 1299K [0x00000000eab00000, 0x00000000ed000000, 0x0000000100000000)
  eden space 16384K, 0% used [0x00000000eab00000,0x00000000eab00000,0x00000000ebb00000)
  from space 2560K, 50% used [0x00000000ebb00000,0x00000000ebc44e48,0x00000000ebd80000)
  to   space 2560K, 0% used [0x00000000ecd80000,0x00000000ecd80000,0x00000000ed000000)
 ParOldGen       total 44032K, used 0K [0x00000000c0000000, 0x00000000c2b00000, 0x00000000eab00000)
  object space 44032K, 0% used [0x00000000c0000000,0x00000000c0000000,0x00000000c2b00000)
 Metaspace       used 2812K, capacity 4564K, committed 4864K, reserved 1056768K
  class space    used 301K, capacity 388K, committed 512K, reserved 1048576K
}
Event: 0.437 GC heap before
{Heap before GC invocations=2 (full 0):
 PSYoungGen      total 18944K, used 17683K [0x00000000eab00000, 0x00000000ed000000, 0x0000000100000000)
  eden space 16384K, 100% used [0x00000000eab00000,0x00000000ebb00000,0x00000000ebb00000)
  from space 2560K, 50% used [0x00000000ebb00000,0x00000000ebc44e48,0x00000000ebd80000)
  to   space 2560K, 0% used [0x00000000ecd80000,0x00000000ecd80000,0x00000000ed000000)
 ParOldGen       total 44032K, used 0K [0x00000000c0000000, 0x00000000c2b00000, 0x00000000eab00000)
  object space 44032K, 0% used [0x00000000c0000000,0x00000000c0000000,0x00000000c2b00000)
 Metaspace       used 2813K, capacity 4564K, committed 4864K, reserved 1056768K
  class space    used 301K, capacity 388K, committed 512K, reserved 1048576K
Event: 0.465 GC heap after
Heap after GC invocations=2 (full 0):
 PSYoungGen      total 35328K, used 1921K [0x00000000eab00000, 0x00000000ed000000, 0x0000000100000000)
  eden space 32768K, 0% used [0x00000000eab00000,0x00000000eab00000,0x00000000ecb00000)
  from space 2560K, 75% used [0x00000000ecd80000,0x00000000ecf60540,0x00000000ed000000)
  to   space 2560K, 0% used [0x00000000ecb00000,0x00000000ecb00000,0x00000000ecd80000)
 ParOldGen       total 44032K, used 0K [0x00000000c0000000, 0x00000000c2b00000, 0x00000000eab00000)
  object space 44032K, 0% used [0x00000000c0000000,0x00000000c0000000,0x00000000c2b00000)
 Metaspace       used 2813K, capacity 4564K, committed 4864K, reserved 1056768K
  class space    used 301K, capacity 388K, committed 512K, reserved 1048576K
}
Event: 0.578 GC heap before
{Heap before GC invocations=3 (full 0):
 PSYoungGen      total 35328K, used 34689K [0x00000000eab00000, 0x00000000ed000000, 0x0000000100000000)
  eden space 32768K, 100% used [0x00000000eab00000,0x00000000ecb00000,0x00000000ecb00000)
  from space 2560K, 75% used [0x00000000ecd80000,0x00000000ecf60540,0x00000000ed000000)
  to   space 2560K, 0% used [0x00000000ecb00000,0x00000000ecb00000,0x00000000ecd80000)
 ParOldGen       total 44032K, used 0K [0x00000000c0000000, 0x00000000c2b00000, 0x00000000eab00000)
  object space 44032K, 0% used [0x00000000c0000000,0x00000000c0000000,0x00000000c2b00000)
 Metaspace       used 2837K, capacity 4564K, committed 4864K, reserved 1056768K
  class space    used 301K, capacity 388K, committed 512K, reserved 1048576K

Deoptimization events (5 events):
Event: 0.374 Thread 0x000000000018e000 Uncommon trap: reason=unstable_if action=reinterpret pc=0x00000000028d0250 method=sun.misc.FloatingDecimal$ASCIIToBinaryBuffer.floatValue()F @ 973
Event: 0.382 Thread 0x000000000018e000 Uncommon trap: reason=array_check action=maybe_recompile pc=0x00000000028db7f4 method=java.util.AbstractCollection.toArray([Ljava/lang/Object;)[Ljava/lang/Object; @ 119
Event: 0.382 Thread 0x000000000018e000 Uncommon trap: reason=array_check action=maybe_recompile pc=0x00000000028db7f4 method=java.util.AbstractCollection.toArray([Ljava/lang/Object;)[Ljava/lang/Object; @ 119
Event: 0.382 Thread 0x000000000018e000 Uncommon trap: reason=array_check action=maybe_recompile pc=0x00000000028db7f4 method=java.util.AbstractCollection.toArray([Ljava/lang/Object;)[Ljava/lang/Object; @ 119
Event: 0.382 Thread 0x000000000018e000 Uncommon trap: reason=array_check action=maybe_recompile pc=0x00000000028db7f4 method=java.util.AbstractCollection.toArray([Ljava/lang/Object;)[Ljava/lang/Object; @ 119

Internal exceptions (2 events):
Event: 0.066 Thread 0x000000000018e000 Exception <a 'java/lang/NoSuchMethodError': Method sun.misc.Unsafe.defineClass(Ljava/lang/String;[BII)Ljava/lang/Class; name or signature does not match> (0x00000000eab07cc0) thrown at [C:\re\workspace\8-2-build-windows-amd64-cygwin\jdk8u74\6087\hotspot\srbø Ð”ï°?
Event: 0.066 Thread 0x000000000018e000 Exception <a 'java/lang/NoSuchMethodError': Method sun.misc.Unsafe.prefetchRead(Ljava/lang/Object;J)V name or signature does not match> (0x00000000eab07fa8) thrown at [C:\re\workspace\8-2-build-windows-amd64-cygwin\jdk8u74\6087\hotspot\src\share\vm\prims\j

Events (10 events):
Event: 0.474 Thread 0x000000000018e000 DEOPT UNPACKING pc=0x00000000027a71bf sp=0x000000000275eea8 mode 0
Event: 0.475 Thread 0x000000000018e000 DEOPT PACKING pc=0x00000000028c126e sp=0x000000000275f040
Event: 0.475 Thread 0x000000000018e000 DEOPT UNPACKING pc=0x00000000027a71bf sp=0x000000000275eea8 mode 0
Event: 0.476 Thread 0x000000000018e000 DEOPT PACKING pc=0x00000000028c126e sp=0x000000000275f040
Event: 0.476 Thread 0x000000000018e000 DEOPT UNPACKING pc=0x00000000027a71bf sp=0x000000000275eea8 mode 0
Event: 0.477 Thread 0x000000000018e000 DEOPT PACKING pc=0x00000000028c126e sp=0x000000000275f040
Event: 0.477 Thread 0x000000000018e000 DEOPT UNPACKING pc=0x00000000027a71bf sp=0x000000000275eea8 mode 0
Event: 0.478 Thread 0x000000000018e000 DEOPT PACKING pc=0x00000000028c126e sp=0x000000000275f040
Event: 0.478 Thread 0x000000000018e000 DEOPT UNPACKING pc=0x00000000027a71bf sp=0x000000000275eea8 mode 0
Event: 0.578 Executing VM operation: ParallelGCFailedAllocation


Dynamic libraries:
0x000000013f190000 - 0x000000013f1c7000 	C:\Program Files\Java\jre1.8.0_74\bin\javaw.exe
0x00000000771e0000 - 0x000000007738a000 	C:\Windows\SYSTEM32\ntdll.dll
0x0000000076fc0000 - 0x00000000770df000 	C:\Windows\system32\kernel32.dll
0x000007fefd170000 - 0x000007fefd1db000 	C:\Windows\system32\KERNELBASE.dll
0x000007fefd780000 - 0x000007fefd85b000 	C:\Windows\system32\ADVAPI32.dll
0x000007fefdc40000 - 0x000007fefdcdf000 	C:\Windows\system32\msvcrt.dll
0x000007fefe2d0000 - 0x000007fefe2ef000 	C:\Windows\SYSTEM32\sechost.dll
0x000007fefe090000 - 0x000007fefe1bd000 	C:\Windows\system32\RPCRT4.dll
0x00000000770e0000 - 0x00000000771da000 	C:\Windows\system32\USER32.dll
0x000007feff3b0000 - 0x000007feff417000 	C:\Windows\system32\GDI32.dll
0x000007fefddc0000 - 0x000007fefddce000 	C:\Windows\system32\LPK.dll
0x000007fefdb50000 - 0x000007fefdc1a000 	C:\Windows\system32\USP10.dll
0x000007fefba00000 - 0x000007fefbbf4000 	C:\Windows\WinSxS\amd64_microsoft.windows.common-controls_6595b64144ccf1df_6.0.7601.18837_none_fa3b1e3d17594757\COMCTL32.dll
0x000007fefdad0000 - 0x000007fefdb41000 	C:\Windows\system32\SHLWAPI.dll
0x000007feff420000 - 0x000007feff44e000 	C:\Windows\system32\IMM32.DLL
0x000007fefe1c0000 - 0x000007fefe2c9000 	C:\Windows\system32\MSCTF.dll
0x0000000068d90000 - 0x0000000068e62000 	C:\Program Files\Java\jre1.8.0_74\bin\msvcr100.dll
0x000000005a4b0000 - 0x000000005ad40000 	C:\Program Files\Java\jre1.8.0_74\bin\server\jvm.dll
0x000007feee8d0000 - 0x000007feee8d9000 	C:\Windows\system32\WSOCK32.dll
0x000007fefe040000 - 0x000007fefe08d000 	C:\Windows\system32\WS2_32.dll
0x000007fefddd0000 - 0x000007fefddd8000 	C:\Windows\system32\NSI.dll
0x000007fef6a60000 - 0x000007fef6a9b000 	C:\Windows\system32\WINMM.dll
0x000007fefbef0000 - 0x000007fefbefc000 	C:\Windows\system32\VERSION.dll
0x00000000773a0000 - 0x00000000773a7000 	C:\Windows\system32\PSAPI.DLL
0x000000006ca30000 - 0x000000006ca3f000 	C:\Program Files\Java\jre1.8.0_74\bin\verify.dll
0x000000006c960000 - 0x000000006c989000 	C:\Program Files\Java\jre1.8.0_74\bin\java.dll
0x0000000069440000 - 0x0000000069475000 	C:\Program Files\Java\jre1.8.0_74\bin\jdwp.dll
0x000000006a2b0000 - 0x000000006a2b8000 	C:\Program Files\Java\jre1.8.0_74\bin\npt.dll
0x000000006ca10000 - 0x000000006ca26000 	C:\Program Files\Java\jre1.8.0_74\bin\zip.dll
0x000007fefe2f0000 - 0x000007feff079000 	C:\Windows\system32\SHELL32.dll
0x000007fefd8c0000 - 0x000007fefdac3000 	C:\Windows\system32\ole32.dll
0x000007fefcf60000 - 0x000007fefcf6f000 	C:\Windows\system32\profapi.dll
0x00000000694b0000 - 0x00000000694b9000 	C:\Program Files\Java\jre1.8.0_74\bin\dt_socket.dll
0x000007fefa870000 - 0x000007fefa885000 	C:\Windows\system32\NLAapi.dll
0x000007feebb80000 - 0x000007feebb95000 	C:\Windows\system32\napinsp.dll
0x000007feebb60000 - 0x000007feebb79000 	C:\Windows\system32\pnrpnsp.dll
0x000007fefc740000 - 0x000007fefc795000 	C:\Windows\System32\mswsock.dll
0x000007fefc5c0000 - 0x000007fefc61b000 	C:\Windows\system32\DNSAPI.dll
0x000007feebb50000 - 0x000007feebb5b000 	C:\Windows\System32\winrnr.dll
0x000007fefa520000 - 0x000007fefa547000 	C:\Windows\system32\IPHLPAPI.DLL
0x000007fefa510000 - 0x000007fefa51b000 	C:\Windows\system32\WINNSI.DLL
0x000007fefa340000 - 0x000007fefa393000 	C:\Windows\System32\fwpuclnt.dll
0x000007fef98d0000 - 0x000007fef98d8000 	C:\Windows\system32\rasadhlp.dll
0x000007fefbfc0000 - 0x000007fefbfc7000 	C:\Windows\System32\wshtcpip.dll
0x000007feeb430000 - 0x000007feeb555000 	C:\Windows\system32\dbghelp.dll

VM Arguments:
jvm_args: -agentlib:jdwp=transport=dt_socket,suspend=y,address=localhost:55230 -Dfile.encoding=UTF-8 
java_command: test.GatherAll_wuhan
java_class_path (initial): D:\test\bin
Launcher Type: SUN_STANDARD

Environment Variables:
JAVA_HOME=C:\Program Files\Java\jdk1.6.0_43
CLASSPATH=.;C:\Program Files\Java\jdk1.6.0_43\lib;C:\Program Files\Java\jdk1.6.0_43\lib\tools.jar
PATH=C:\ProgramData\Oracle\Java\javapath;C:\Windows\system32;C:\Windows;C:\Windows\System32\Wbem;C:\Windows\System32\WindowsPowerShell\v1.0\;C:\CTEX\UserData\miktex\bin;C:\CTEX\MiKTeX\miktex\bin;C:\CTEX\CTeX\ctex\bin;C:\CTEX\CTeX\cct\bin;C:\CTEX\CTeX\ty\bin;C:\CTEX\Ghostscript\gs9.05\bin;C:\CTEX\GSview\gsview;C:\CTEX\WinEdt;C:\Program Files\Java\jdk1.6.0_43\bin;C:\Program Files\Java\jdk1.6.0_43\jre\bin 
USERNAME=Jasper
OS=Windows_NT
PROCESSOR_IDENTIFIER=Intel64 Family 6 Model 23 Stepping 6, GenuineIntel



---------------  S Y S T E M  ---------------

OS: Windows 7 , 64 bit Build 7601 (6.1.7601.19160)

CPU:total 2 (2 cores per cpu, 1 threads per core) family 6 model 23 stepping 6, cmov, cx8, fxsr, mmx, sse, sse2, sse3, ssse3, sse4.1, tsc

Memory: 4k page, physical 4192760k(1912052k free), swap 8383684k(4913688k free)

vm_info: Java HotSpot(TM) 64-Bit Server VM (25.74-b02) for windows-amd64 JRE (1.8.0_74-b02), built on Jan 29 2016 17:42:36 by "java_re" with MS VC++ 10.0 (VS2010)

time: Sun Mar 13 11:23:57 2016
elapsed time: 0 seconds (0d 0h 0m 0s)

